Determining if the pthread_create exist failed with the following output:
Change Dir: /home/kimsngi/project_ws/build/CMakeFiles/CMakeTmp

Run Build Command:"/usr/bin/make" "cmTC_a4cfa/fast"
/usr/bin/make -f CMakeFiles/cmTC_a4cfa.dir/build.make CMakeFiles/cmTC_a4cfa.dir/build
make[1]: 디렉터리 '/home/kimsngi/project_ws/build/CMakeFiles/CMakeTmp' 들어감
Building C object CMakeFiles/cmTC_a4cfa.dir/CheckSymbolExists.c.o
/usr/bin/cc    -o CMakeFiles/cmTC_a4cfa.dir/CheckSymbolExists.c.o   -c /home/kimsngi/project_ws/build/CMakeFiles/CMakeTmp/CheckSymbolExists.c
Linking C executable cmTC_a4cfa
/usr/bin/cmake -E cmake_link_script CMakeFiles/cmTC_a4cfa.dir/link.txt --verbose=1
/usr/bin/cc      -rdynamic CMakeFiles/cmTC_a4cfa.dir/CheckSymbolExists.c.o  -o cmTC_a4cfa 
CMakeFiles/cmTC_a4cfa.dir/CheckSymbolExists.c.o: In function `main':
CheckSymbolExists.c:(.text+0x1b): undefined reference to `pthread_create'
collect2: error: ld returned 1 exit status
CMakeFiles/cmTC_a4cfa.dir/build.make:97: recipe for target 'cmTC_a4cfa' failed
make[1]: *** [cmTC_a4cfa] Error 1
make[1]: 디렉터리 '/home/kimsngi/project_ws/build/CMakeFiles/CMakeTmp' 나감
Makefile:126: recipe for target 'cmTC_a4cfa/fast' failed
make: *** [cmTC_a4cfa/fast] Error 2

File /home/kimsngi/project_ws/build/CMakeFiles/CMakeTmp/CheckSymbolExists.c:
/* */
#include <pthread.h>

int main(int argc, char** argv)
{
  (void)argv;
#ifndef pthread_create
  return ((int*)(&pthread_create))[argc];
#else
  (void)argc;
  return 0;
#endif
}

Determining if the function pthread_create exists in the pthreads failed with the following output:
Change Dir: /home/kimsngi/project_ws/build/CMakeFiles/CMakeTmp

Run Build Command:"/usr/bin/make" "cmTC_044b5/fast"
/usr/bin/make -f CMakeFiles/cmTC_044b5.dir/build.make CMakeFiles/cmTC_044b5.dir/build
make[1]: 디렉터리 '/home/kimsngi/project_ws/build/CMakeFiles/CMakeTmp' 들어감
Building C object CMakeFiles/cmTC_044b5.dir/CheckFunctionExists.c.o
/usr/bin/cc   -DCHECK_FUNCTION_EXISTS=pthread_create   -o CMakeFiles/cmTC_044b5.dir/CheckFunctionExists.c.o   -c /usr/share/cmake-3.10/Modules/CheckFunctionExists.c
Linking C executable cmTC_044b5
/usr/bin/cmake -E cmake_link_script CMakeFiles/cmTC_044b5.dir/link.txt --verbose=1
/usr/bin/cc  -DCHECK_FUNCTION_EXISTS=pthread_create    -rdynamic CMakeFiles/cmTC_044b5.dir/CheckFunctionExists.c.o  -o cmTC_044b5 -lpthreads 
/usr/bin/ld: cannot find -lpthreads
collect2: error: ld returned 1 exit status
CMakeFiles/cmTC_044b5.dir/build.make:97: recipe for target 'cmTC_044b5' failed
make[1]: *** [cmTC_044b5] Error 1
make[1]: 디렉터리 '/home/kimsngi/project_ws/build/CMakeFiles/CMakeTmp' 나감
Makefile:126: recipe for target 'cmTC_044b5/fast' failed
make: *** [cmTC_044b5/fast] Error 2


